<?xml version="1.0" encoding="UTF-8"?>
<!-- Generated by org.testng.reporters.JUnitXMLReporter -->
<testsuite ignored="0" hostname="IN-PG0352AV" failures="0" tests="3" name="ProductQuantityTest" time="50.738" errors="0" timestamp="07 May 2024 16:22:59 GMT">
  <testcase classname="tests.SearchTest" name="Searchfeature" time="4.229"/>
  <testcase classname="tests.LanguageTest" name="Languagetest" time="6.788"/>
  <testcase classname="tests.AddToCartTest" name="AddToCarttest" time="10.958"/>
</testsuite> <!-- ProductQuantityTest -->
