<?xml version="1.0" encoding="UTF-8"?>
<testng-results ignored="0" total="2" passed="2" failed="0" skipped="0">
  <reporter-output>
  </reporter-output>
  <suite started-at="2024-05-07T18:04:04 IST" name="Suite" finished-at="2024-05-07T18:04:28 IST" duration-ms="24392">
    <groups>
    </groups>
    <test started-at="2024-05-07T18:04:04 IST" name="ProductQuantityTest" finished-at="2024-05-07T18:04:28 IST" duration-ms="24392">
      <class name="tests.LanguageTest">
        <test-method is-config="true" signature="openApplication()[pri:0, instance:tests.LanguageTest@676cf48]" started-at="2024-05-07T18:04:17 IST" name="openApplication" finished-at="2024-05-07T18:04:21 IST" duration-ms="4407" status="PASS">
          <reporter-output>
          </reporter-output>
        </test-method> <!-- openApplication -->
        <test-method signature="Languagetest(java.lang.String)[pri:0, instance:tests.LanguageTest@676cf48]" started-at="2024-05-07T18:04:21 IST" name="Languagetest" data-provider="getLanguage" finished-at="2024-05-07T18:04:28 IST" duration-ms="6844" status="PASS">
          <params>
            <param index="0">
              <value>
                <![CDATA[Mobiles]]>
              </value>
            </param>
          </params>
          <reporter-output>
          </reporter-output>
        </test-method> <!-- Languagetest -->
        <test-method is-config="true" signature="closure()[pri:0, instance:tests.LanguageTest@676cf48]" started-at="2024-05-07T18:04:28 IST" name="closure" finished-at="2024-05-07T18:04:28 IST" duration-ms="501" status="PASS">
          <reporter-output>
          </reporter-output>
        </test-method> <!-- closure -->
      </class> <!-- tests.LanguageTest -->
      <class name="tests.SearchTest">
        <test-method is-config="true" signature="openApplication()[pri:0, instance:tests.SearchTest@2c07545f]" started-at="2024-05-07T18:04:04 IST" name="openApplication" finished-at="2024-05-07T18:04:11 IST" duration-ms="7254" status="PASS">
          <reporter-output>
          </reporter-output>
        </test-method> <!-- openApplication -->
        <test-method signature="Searchfeature(java.lang.String)[pri:0, instance:tests.SearchTest@2c07545f]" started-at="2024-05-07T18:04:11 IST" name="Searchfeature" data-provider="getData" finished-at="2024-05-07T18:04:16 IST" duration-ms="4896" status="PASS">
          <params>
            <param index="0">
              <value>
                <![CDATA[Laptop]]>
              </value>
            </param>
          </params>
          <reporter-output>
          </reporter-output>
        </test-method> <!-- Searchfeature -->
        <test-method is-config="true" signature="closure()[pri:0, instance:tests.SearchTest@2c07545f]" started-at="2024-05-07T18:04:16 IST" name="closure" finished-at="2024-05-07T18:04:17 IST" duration-ms="396" status="PASS">
          <reporter-output>
          </reporter-output>
        </test-method> <!-- closure -->
      </class> <!-- tests.SearchTest -->
    </test> <!-- ProductQuantityTest -->
  </suite> <!-- Suite -->
</testng-results>
